<?xml version="1.0" encoding="UTF-8"?>
<!-- Generated by org.testng.reporters.JUnitXMLReporter -->
<testsuite hostname="onkarb" ignored="0" name="Login" tests="1" failures="1" timestamp="22 Aug 2019 11:50:42 GMT" time="5.922" errors="0">
  <testcase name="feature" time="5.363" classname="concession.Concession_runner">
    <failure type="cucumber.runtime.CucumberException" message="java.lang.NullPointerException">
      <![CDATA[cucumber.runtime.CucumberException: java.lang.NullPointerException
at cucumber.api.testng.TestNGCucumberRunner.runCucumber(TestNGCucumberRunner.java:69)
at concession.Concession_runner.feature(Concession_runner.java:43)
Caused by: java.lang.NullPointerException
at org.openqa.selenium.support.pagefactory.DefaultElementLocator.findElement(DefaultElementLocator.java:69)
at org.openqa.selenium.support.pagefactory.internal.LocatingElementHandler.invoke(LocatingElementHandler.java:38)
at com.sun.proxy.$Proxy17.sendKeys(Unknown Source)
at concession.Objects_elements_concession.Login_username(Objects_elements_concession.java:22)
at concession.Login_Test.enter_your(Login_Test.java:37)
at ✽.And Enter your "ONKARB"(src/test/java/concession/Login.feature:6)
... Removed 25 stack frames]]>
    </failure>
  </testcase> <!-- feature -->
</testsuite> <!-- Login -->
