<?xml version="1.0" encoding="UTF-8"?>
<testng-results skipped="0" failed="0" ignored="0" total="1" passed="1">
  <reporter-output>
  </reporter-output>
  <suite name="Default suite" duration-ms="860" started-at="2019-10-03T10:23:46Z" finished-at="2019-10-03T10:23:46Z">
    <groups>
      <group name="cucumber">
        <method signature="Impact_exchange_runner.feature(cucumber.api.testng.CucumberFeatureWrapper)[pri:0, instance:impactXchange.Impact_exchange_runner@1f57539]" name="feature" class="impactXchange.Impact_exchange_runner"/>
      </group> <!-- cucumber -->
    </groups>
    <test name="Default test" duration-ms="860" started-at="2019-10-03T10:23:46Z" finished-at="2019-10-03T10:23:46Z">
      <class name="impactXchange.Impact_exchange_runner">
        <test-method status="PASS" signature="setUpClass()[pri:0, instance:impactXchange.Impact_exchange_runner@1f57539]" name="setUpClass" is-config="true" duration-ms="524" started-at="2019-10-03T10:23:46Z" finished-at="2019-10-03T10:23:46Z">
          <reporter-output>
          </reporter-output>
        </test-method> <!-- setUpClass -->
        <test-method status="PASS" signature="feature(cucumber.api.testng.CucumberFeatureWrapper)[pri:0, instance:impactXchange.Impact_exchange_runner@1f57539]" name="feature" duration-ms="158" started-at="2019-10-03T10:23:46Z" description="Run cucumber Features" data-provider="features" finished-at="2019-10-03T10:23:46Z">
          <params>
            <param index="0">
              <value>
                <![CDATA[Group Reconcilation]]>
              </value>
            </param>
          </params>
          <reporter-output>
          </reporter-output>
        </test-method> <!-- feature -->
        <test-method status="PASS" signature="tearDownClass()[pri:0, instance:impactXchange.Impact_exchange_runner@1f57539]" name="tearDownClass" is-config="true" duration-ms="25" started-at="2019-10-03T10:23:46Z" finished-at="2019-10-03T10:23:46Z">
          <reporter-output>
          </reporter-output>
        </test-method> <!-- tearDownClass -->
      </class> <!-- impactXchange.Impact_exchange_runner -->
    </test> <!-- Default test -->
  </suite> <!-- Default suite -->
</testng-results>
