<?xml version="1.0" encoding="UTF-8"?>
<testng-results skipped="0" failed="0" ignored="0" total="1" passed="1">
  <reporter-output>
  </reporter-output>
  <suite name="Default suite" duration-ms="180449" started-at="2019-11-01T07:11:57Z" finished-at="2019-11-01T07:14:57Z">
    <groups>
      <group name="cucumber">
        <method signature="Impact_exchange_runner.feature(cucumber.api.testng.CucumberFeatureWrapper)[pri:0, instance:impactXchange.Impact_exchange_runner@18c1321]" name="feature" class="impactXchange.Impact_exchange_runner"/>
      </group> <!-- cucumber -->
    </groups>
    <test name="Default test" duration-ms="180449" started-at="2019-11-01T07:11:57Z" finished-at="2019-11-01T07:14:57Z">
      <class name="impactXchange.Impact_exchange_runner">
        <test-method status="PASS" signature="setUpClass()[pri:0, instance:impactXchange.Impact_exchange_runner@18c1321]" name="setUpClass" is-config="true" duration-ms="399" started-at="2019-11-01T07:11:57Z" finished-at="2019-11-01T07:11:57Z">
          <reporter-output>
          </reporter-output>
        </test-method> <!-- setUpClass -->
        <test-method status="PASS" signature="feature(cucumber.api.testng.CucumberFeatureWrapper)[pri:0, instance:impactXchange.Impact_exchange_runner@18c1321]" name="feature" duration-ms="179872" started-at="2019-11-01T07:11:57Z" description="Run cucumber Features" data-provider="features" finished-at="2019-11-01T07:14:57Z">
          <params>
            <param index="0">
              <value>
                <![CDATA[Recocilation process]]>
              </value>
            </param>
          </params>
          <reporter-output>
          </reporter-output>
        </test-method> <!-- feature -->
        <test-method status="PASS" signature="tearDownClass()[pri:0, instance:impactXchange.Impact_exchange_runner@18c1321]" name="tearDownClass" is-config="true" duration-ms="17" started-at="2019-11-01T07:14:57Z" finished-at="2019-11-01T07:14:57Z">
          <reporter-output>
          </reporter-output>
        </test-method> <!-- tearDownClass -->
      </class> <!-- impactXchange.Impact_exchange_runner -->
    </test> <!-- Default test -->
  </suite> <!-- Default suite -->
</testng-results>
